<?xml version="1.0" encoding="UTF-8"?>
<testsuite xmlns:xsi="http://www.w3.org/2001/XMLSchema-instance" xsi:noNamespaceSchemaLocation="https://maven.apache.org/surefire/maven-surefire-plugin/xsd/surefire-test-report-3.0.xsd" version="3.0" name="CalculatorTest" time="0.364" tests="8" errors="0" skipped="0" failures="0">
  <properties>
[...]
</properties>
  <testcase name="sqrootTrueNegative" classname="CalculatorTest" time="0.309">
    <system-out><![CDATA[23:51:34.699 [main] INFO  calculator.Calculator - Sq root 3.0
23:51:34.701 [main] INFO  calculator.Calculator - Result - sq root= 1.7320508075688772
23:51:34.701 [main] INFO  calculator.Calculator - Sq root 4.0
23:51:34.701 [main] INFO  calculator.Calculator - Result - sq root= 2.0
]]></system-out>
  </testcase>
  <testcase name="logTruePositive" classname="CalculatorTest" time="0">
    <system-out><![CDATA[23:51:34.702 [main] INFO  calculator.Calculator - Natural Log 1.0
23:51:34.702 [main] INFO  calculator.Calculator - Result - Natural Log= 0.0
23:51:34.702 [main] INFO  calculator.Calculator - Natural Log 300.0
23:51:34.702 [main] INFO  calculator.Calculator - Result - Natural Log= 5.703782474656201
]]></system-out>
  </testcase>
  <testcase name="logTrueNegative" classname="CalculatorTest" time="0.001">
    <system-out><![CDATA[23:51:34.703 [main] INFO  calculator.Calculator - Natural Log 2.4
23:51:34.703 [main] INFO  calculator.Calculator - Result - Natural Log= 0.8754687373538999
23:51:34.703 [main] INFO  calculator.Calculator - Natural Log 2.1
23:51:34.704 [main] INFO  calculator.Calculator - Result - Natural Log= 0.7419373447293773
]]></system-out>
  </testcase>
  <testcase name="factorialTruePositive" classname="CalculatorTest" time="0">
    <system-out><![CDATA[23:51:34.704 [main] INFO  calculator.Calculator - Factorial - 4
23:51:34.704 [main] INFO  calculator.Calculator - Result - Factorial= 24
23:51:34.705 [main] INFO  calculator.Calculator - Factorial - 5
23:51:34.705 [main] INFO  calculator.Calculator - Result - Factorial= 120
]]></system-out>
  </testcase>
  <testcase name="factorialTrueNegative" classname="CalculatorTest" time="0">
    <system-out><![CDATA[23:51:34.705 [main] INFO  calculator.Calculator - Factorial - 5
23:51:34.706 [main] INFO  calculator.Calculator - Result - Factorial= 120
23:51:34.706 [main] INFO  calculator.Calculator - Factorial - 10
23:51:34.706 [main] INFO  calculator.Calculator - Result - Factorial= 3628800
]]></system-out>
  </testcase>
  <testcase name="powerTruePositive" classname="CalculatorTest" time="0">
    <system-out><![CDATA[23:51:34.707 [main] INFO  calculator.Calculator - Power 2.0 raised to 9.0
23:51:34.707 [main] INFO  calculator.Calculator - Result - Power= 512.0
23:51:34.707 [main] INFO  calculator.Calculator - Power 5.0 raised to 2.0
23:51:34.707 [main] INFO  calculator.Calculator - Result - Power= 25.0
]]></system-out>
  </testcase>
  <testcase name="powerTrueNegative" classname="CalculatorTest" time="0.001">
    <system-out><![CDATA[23:51:34.708 [main] INFO  calculator.Calculator - Power 2.0 raised to 2.0
23:51:34.708 [main] INFO  calculator.Calculator - Result - Power= 4.0
23:51:34.708 [main] INFO  calculator.Calculator - Power -2.0 raised to 2.0
23:51:34.709 [main] INFO  calculator.Calculator - Result - Power= 4.0
]]></system-out>
  </testcase>
  <testcase name="sqrootTruePositive" classname="CalculatorTest" time="0.002">
    <system-out><![CDATA[23:51:34.709 [main] INFO  calculator.Calculator - Sq root 100.0
23:51:34.709 [main] INFO  calculator.Calculator - Result - sq root= 10.0
23:51:34.710 [main] INFO  calculator.Calculator - Sq root 14641.0
23:51:34.710 [main] INFO  calculator.Calculator - Result - sq root= 121.0
]]></system-out>
  </testcase>
</testsuite>