<?xml version="1.0" encoding="UTF-8"?>
<testsuite xmlns:xsi="http://www.w3.org/2001/XMLSchema-instance" xsi:noNamespaceSchemaLocation="https://maven.apache.org/surefire/maven-surefire-plugin/xsd/surefire-test-report-3.0.xsd" version="3.0" name="CalculatorTest" time="0.378" tests="8" errors="0" skipped="0" failures="0">
  <properties>
[...]
</properties>
  <testcase name="sqrootTrueNegative" classname="CalculatorTest" time="0.332">
    <system-out><![CDATA[23:39:11.295 [main] INFO  calculator.Calculator - [SQ ROOT] - 3.0
23:39:11.297 [main] INFO  calculator.Calculator - [RESULT - SQ ROOT] - 1.7320508075688772
23:39:11.297 [main] INFO  calculator.Calculator - [SQ ROOT] - 4.0
23:39:11.297 [main] INFO  calculator.Calculator - [RESULT - SQ ROOT] - 2.0
]]></system-out>
  </testcase>
  <testcase name="logTruePositive" classname="CalculatorTest" time="0">
    <system-out><![CDATA[23:39:11.298 [main] INFO  calculator.Calculator - [NATURAL LOG] - 1.0
23:39:11.298 [main] INFO  calculator.Calculator - [RESULT - NATURAL LOG] - 0.0
23:39:11.298 [main] INFO  calculator.Calculator - [NATURAL LOG] - 300.0
23:39:11.298 [main] INFO  calculator.Calculator - [RESULT - NATURAL LOG] - 5.703782474656201
]]></system-out>
  </testcase>
  <testcase name="logTrueNegative" classname="CalculatorTest" time="0">
    <system-out><![CDATA[23:39:11.299 [main] INFO  calculator.Calculator - [NATURAL LOG] - 2.4
23:39:11.299 [main] INFO  calculator.Calculator - [RESULT - NATURAL LOG] - 0.8754687373538999
23:39:11.299 [main] INFO  calculator.Calculator - [NATURAL LOG] - 2.1
23:39:11.300 [main] INFO  calculator.Calculator - [RESULT - NATURAL LOG] - 0.7419373447293773
]]></system-out>
  </testcase>
  <testcase name="factorialTruePositive" classname="CalculatorTest" time="0.001">
    <system-out><![CDATA[23:39:11.300 [main] INFO  calculator.Calculator - [FACTORIAL] - 4
23:39:11.300 [main] INFO  calculator.Calculator - [RESULT - FACTORIAL] - 24
23:39:11.301 [main] INFO  calculator.Calculator - [FACTORIAL] - 5
23:39:11.301 [main] INFO  calculator.Calculator - [RESULT - FACTORIAL] - 120
]]></system-out>
  </testcase>
  <testcase name="factorialTrueNegative" classname="CalculatorTest" time="0">
    <system-out><![CDATA[23:39:11.301 [main] INFO  calculator.Calculator - [FACTORIAL] - 5
23:39:11.302 [main] INFO  calculator.Calculator - [RESULT - FACTORIAL] - 120
23:39:11.302 [main] INFO  calculator.Calculator - [FACTORIAL] - 10
23:39:11.302 [main] INFO  calculator.Calculator - [RESULT - FACTORIAL] - 3628800
]]></system-out>
  </testcase>
  <testcase name="powerTruePositive" classname="CalculatorTest" time="0">
    <system-out><![CDATA[23:39:11.303 [main] INFO  calculator.Calculator - [POWER - 2.0 RAISED TO] 9.0
23:39:11.303 [main] INFO  calculator.Calculator - [RESULT - POWER] - 512.0
23:39:11.303 [main] INFO  calculator.Calculator - [POWER - 5.0 RAISED TO] 2.0
23:39:11.303 [main] INFO  calculator.Calculator - [RESULT - POWER] - 25.0
]]></system-out>
  </testcase>
  <testcase name="powerTrueNegative" classname="CalculatorTest" time="0">
    <system-out><![CDATA[23:39:11.304 [main] INFO  calculator.Calculator - [POWER - 2.0 RAISED TO] 2.0
23:39:11.304 [main] INFO  calculator.Calculator - [RESULT - POWER] - 4.0
23:39:11.304 [main] INFO  calculator.Calculator - [POWER - -2.0 RAISED TO] 2.0
23:39:11.304 [main] INFO  calculator.Calculator - [RESULT - POWER] - 4.0
]]></system-out>
  </testcase>
  <testcase name="sqrootTruePositive" classname="CalculatorTest" time="0.001">
    <system-out><![CDATA[23:39:11.305 [main] INFO  calculator.Calculator - [SQ ROOT] - 100.0
23:39:11.305 [main] INFO  calculator.Calculator - [RESULT - SQ ROOT] - 10.0
23:39:11.305 [main] INFO  calculator.Calculator - [SQ ROOT] - 14641.0
23:39:11.305 [main] INFO  calculator.Calculator - [RESULT - SQ ROOT] - 121.0
]]></system-out>
  </testcase>
</testsuite>